[24-Dec-2024 08:11:17 America/Sao_Paulo] PHP Parse error:  syntax error, unexpected token ":" in /var/www/html/caixinha/app/views/auth/login.php on line 25
[24-Dec-2024 08:13:53 America/Sao_Paulo] PHP Warning:  Undefined array key 2 in /var/www/html/caixinha/app/config/routes.php on line 95
[24-Dec-2024 08:15:18 America/Sao_Paulo] PHP Fatal error:  Uncaught Error: Call to undefined function renderPage() in /var/www/html/caixinha/app/config/routes.php:92
Stack trace:
#0 /var/www/html/caixinha/index.php(45): router()
#1 {main}
  thrown in /var/www/html/caixinha/app/config/routes.php on line 92
[24-Dec-2024 08:15:39 America/Sao_Paulo] PHP Fatal error:  Uncaught Error: Call to undefined function renderPage() in /var/www/html/caixinha/app/config/routes.php:92
Stack trace:
#0 /var/www/html/caixinha/index.php(45): router()
#1 {main}
  thrown in /var/www/html/caixinha/app/config/routes.php on line 92
[24-Dec-2024 08:16:40 America/Sao_Paulo] PHP Fatal error:  Uncaught Error: Call to undefined function renderPage() in /var/www/html/caixinha/app/config/routes.php:96
Stack trace:
#0 /var/www/html/caixinha/index.php(45): router()
#1 {main}
  thrown in /var/www/html/caixinha/app/config/routes.php on line 96
[24-Dec-2024 08:19:01 America/Sao_Paulo] PHP Warning:  require_once(app/controllers/auth.php): Failed to open stream: No such file or directory in /var/www/html/caixinha/app/helpers/view.php on line 61
[24-Dec-2024 08:19:01 America/Sao_Paulo] PHP Fatal error:  Uncaught Error: Failed opening required 'app/controllers/auth.php' (include_path='.:/usr/share/php') in /var/www/html/caixinha/app/helpers/view.php:61
Stack trace:
#0 /var/www/html/caixinha/app/config/routes.php(96): renderPage()
#1 /var/www/html/caixinha/index.php(45): router()
#2 {main}
  thrown in /var/www/html/caixinha/app/helpers/view.php on line 61
[24-Dec-2024 08:19:24 America/Sao_Paulo] PHP Warning:  require_once(app/controllers/auth.php): Failed to open stream: No such file or directory in /var/www/html/caixinha/app/helpers/view.php on line 61
[24-Dec-2024 08:19:24 America/Sao_Paulo] PHP Fatal error:  Uncaught Error: Failed opening required 'app/controllers/auth.php' (include_path='.:/usr/share/php') in /var/www/html/caixinha/app/helpers/view.php:61
Stack trace:
#0 /var/www/html/caixinha/app/config/routes.php(96): renderPage()
#1 /var/www/html/caixinha/index.php(45): router()
#2 {main}
  thrown in /var/www/html/caixinha/app/helpers/view.php on line 61
[24-Dec-2024 08:19:38 America/Sao_Paulo] PHP Warning:  require_once(app/controllers/auth.php): Failed to open stream: No such file or directory in /var/www/html/caixinha/app/helpers/view.php on line 61
[24-Dec-2024 08:19:38 America/Sao_Paulo] PHP Fatal error:  Uncaught Error: Failed opening required 'app/controllers/auth.php' (include_path='.:/usr/share/php') in /var/www/html/caixinha/app/helpers/view.php:61
Stack trace:
#0 /var/www/html/caixinha/app/config/routes.php(96): renderPage()
#1 /var/www/html/caixinha/index.php(45): router()
#2 {main}
  thrown in /var/www/html/caixinha/app/helpers/view.php on line 61
[24-Dec-2024 08:30:17 America/Sao_Paulo] PHP Warning:  require_once(app/models/registration.php): Failed to open stream: No such file or directory in /var/www/html/caixinha/app/controllers/auth/registration.php on line 4
[24-Dec-2024 08:30:17 America/Sao_Paulo] PHP Fatal error:  Uncaught Error: Failed opening required 'app/models/registration.php' (include_path='.:/usr/share/php') in /var/www/html/caixinha/app/controllers/auth/registration.php:4
Stack trace:
#0 /var/www/html/caixinha/app/config/routes.php(103): require_once()
#1 /var/www/html/caixinha/index.php(45): router()
#2 {main}
  thrown in /var/www/html/caixinha/app/controllers/auth/registration.php on line 4
[24-Dec-2024 08:33:53 America/Sao_Paulo] PHP Warning:  require_once(app/models/registration.php): Failed to open stream: No such file or directory in /var/www/html/caixinha/app/controllers/auth/registration.php on line 4
[24-Dec-2024 08:33:53 America/Sao_Paulo] PHP Fatal error:  Uncaught Error: Failed opening required 'app/models/registration.php' (include_path='.:/usr/share/php') in /var/www/html/caixinha/app/controllers/auth/registration.php:4
Stack trace:
#0 /var/www/html/caixinha/app/config/routes.php(103): require_once()
#1 /var/www/html/caixinha/index.php(45): router()
#2 {main}
  thrown in /var/www/html/caixinha/app/controllers/auth/registration.php on line 4
[24-Dec-2024 08:34:40 America/Sao_Paulo] PHP Notice:  session_start(): Ignoring session_start() because a session is already active (started from /var/www/html/caixinha/app/config/routes.php on line 71) in /var/www/html/caixinha/app/controllers/auth/auth.php on line 56
[24-Dec-2024 08:37:13 America/Sao_Paulo] PHP Notice:  session_start(): Ignoring session_start() because a session is already active (started from /var/www/html/caixinha/app/config/routes.php on line 71) in /var/www/html/caixinha/app/controllers/auth/auth.php on line 56
[24-Dec-2024 09:33:26 America/Sao_Paulo] PHP Notice:  session_start(): Ignoring session_start() because a session is already active (started from /var/www/html/caixinha/app/helpers/session.php on line 13) in /var/www/html/caixinha/app/controllers/auth/auth.php on line 56
[24-Dec-2024 09:34:26 America/Sao_Paulo] PHP Notice:  session_start(): Ignoring session_start() because a session is already active (started from /var/www/html/caixinha/app/helpers/session.php on line 13) in /var/www/html/caixinha/app/controllers/auth/auth.php on line 56
